<?xml version="1.0" encoding="UTF-8"?>
<!-- Generated by org.testng.reporters.JUnitReportReporter -->
<testsuite hostname="HIJ-LP237" failures="0" tests="2" name="rahulshettyacademy.MavenJava.SeleniumTest" time="0.000" errors="0" timestamp="2022-02-19T22:43:47 IST" skipped="0">
  <testcase classname="rahulshettyacademy.MavenJava.SeleniumTest" name="BrowserAutomation" time="0.000"/>
  <system-out/>
  <testcase classname="rahulshettyacademy.MavenJava.SeleniumTest" name="ElementsUI" time="0.000"/>
  <system-out/>
</testsuite> <!-- rahulshettyacademy.MavenJava.SeleniumTest -->
