<?xml version="1.0" encoding="UTF-8"?>
<!-- Generated by org.testng.reporters.JUnitReportReporter -->
<testsuite hostname="HIJ-LP237" failures="0" tests="2" name="rahulshettyacademy.MavenJava.RESTAPITest" time="0.000" errors="0" timestamp="2022-02-19T22:44:11 IST" skipped="0">
  <testcase classname="rahulshettyacademy.MavenJava.RESTAPITest" name="PostJira" time="0.000"/>
  <system-out/>
  <testcase classname="rahulshettyacademy.MavenJava.RESTAPITest" name="DeleteTwitter" time="0.000"/>
  <system-out/>
</testsuite> <!-- rahulshettyacademy.MavenJava.RESTAPITest -->
